#
# There is insufficient memory for the Java Runtime Environment to continue.
# Native memory allocation (malloc) failed to allocate 99904 bytes for Chunk::new
# Possible reasons:
#   The system is out of physical RAM or swap space
#   In 32 bit mode, the process size limit was hit
# Possible solutions:
#   Reduce memory load on the system
#   Increase physical memory or swap space
#   Check if swap backing store is full
#   Use 64 bit Java on a 64 bit OS
#   Decrease Java heap size (-Xmx/-Xms)
#   Decrease number of Java threads
#   Decrease Java thread stack sizes (-Xss)
#   Set larger code cache with -XX:ReservedCodeCacheSize=
# This output file may be truncated or incomplete.
#
#  Out of Memory Error (allocation.cpp:390), pid=18600, tid=0x00000000000009f4
#
# JRE version: Java(TM) SE Runtime Environment (8.0_131-b11) (build 1.8.0_131-b11)
# Java VM: Java HotSpot(TM) 64-Bit Server VM (25.131-b11 mixed mode windows-amd64 compressed oops)
# Failed to write core dump. Minidumps are not enabled by default on client versions of Windows
#

---------------  T H R E A D  ---------------

Current thread (0x000000001964b000):  JavaThread "C2 CompilerThread1" daemon [_thread_in_native, id=2548, stack(0x0000000019d40000,0x0000000019e40000)]

Stack: [0x0000000019d40000,0x0000000019e40000]
[error occurred during error reporting (printing stack bounds), id 0xc0000005]

Native frames: (J=compiled Java code, j=interpreted, Vv=VM code, C=native code)


Current CompileTask:
C2:  16021 4108   !   4       org.apache.catalina.startup.ContextConfig::populateJavaClassCache (159 bytes)


---------------  P R O C E S S  ---------------

Java Threads: ( => current thread )
  0x0000000019a3d800 JavaThread "localhost-startStop-1" daemon [_thread_blocked, id=15800, stack(0x000000001e960000,0x000000001ea60000)]
  0x000000001d4ef000 JavaThread "Tomcat-startStop-1" daemon [_thread_blocked, id=17640, stack(0x000000001d1b0000,0x000000001d2b0000)]
  0x00000000196b9000 JavaThread "Service Thread" daemon [_thread_blocked, id=15344, stack(0x0000000019f40000,0x000000001a040000)]
  0x0000000019671800 JavaThread "C1 CompilerThread2" daemon [_thread_blocked, id=14316, stack(0x0000000019e40000,0x0000000019f40000)]
=>0x000000001964b000 JavaThread "C2 CompilerThread1" daemon [_thread_in_native, id=2548, stack(0x0000000019d40000,0x0000000019e40000)]
  0x000000001833b800 JavaThread "C2 CompilerThread0" daemon [_thread_in_native, id=14284, stack(0x0000000019c40000,0x0000000019d40000)]
  0x00000000182ef000 JavaThread "Attach Listener" daemon [_thread_blocked, id=19380, stack(0x0000000019b40000,0x0000000019c40000)]
  0x0000000019648800 JavaThread "Signal Dispatcher" daemon [_thread_blocked, id=13280, stack(0x0000000019a40000,0x0000000019b40000)]
  0x00000000182ca800 JavaThread "Finalizer" daemon [_thread_blocked, id=19176, stack(0x0000000019540000,0x0000000019640000)]
  0x00000000037b2800 JavaThread "Reference Handler" daemon [_thread_blocked, id=8616, stack(0x0000000019440000,0x0000000019540000)]
  0x00000000035be000 JavaThread "main" [_thread_blocked, id=9200, stack(0x00000000035c0000,0x00000000036c0000)]

Other Threads:
  0x00000000182a8800 VMThread [stack: 0x0000000019340000,0x0000000019440000] [id=13992]
  0x0000000019717800 WatcherThread [stack: 0x000000001a040000,0x000000001a140000] [id=13780]

VM state:not at safepoint (normal execution)

VM Mutex/Monitor currently owned by a thread: None

Heap:
 PSYoungGen      total 124416K, used 2516K [0x00000000d5f80000, 0x00000000de880000, 0x0000000100000000)
  eden space 109568K, 2% used [0x00000000d5f80000,0x00000000d61f5060,0x00000000dca80000)
  from space 14848K, 0% used [0x00000000dda00000,0x00000000dda00000,0x00000000de880000)
  to   space 15360K, 0% used [0x00000000dca80000,0x00000000dca80000,0x00000000dd980000)
 ParOldGen       total 64000K, used 27269K [0x0000000081e00000, 0x0000000085c80000, 0x00000000d5f80000)
  object space 64000K, 42% used [0x0000000081e00000,0x00000000838a17a8,0x0000000085c80000)
 Metaspace       used 23932K, capacity 24552K, committed 24752K, reserved 1071104K
  class space    used 2796K, capacity 2966K, committed 2992K, reserved 1048576K

Card table byte_map: [0x0000000012b80000,0x0000000012f80000] byte_map_base: 0x0000000012771000

Marking Bits: (ParMarkBitMap*) 0x0000000057eec720
 Begin Bits: [0x0000000013630000, 0x00000000155b8000)
 End Bits:   [0x00000000155b8000, 0x0000000017540000)

Polling page: 0x0000000001460000

CodeCache: size=245760Kb used=12375Kb max_used=13353Kb free=233384Kb
 bounds [0x00000000037c0000, 0x0000000004510000, 0x00000000127c0000]
 total_blobs=3991 nmethods=3585 adapters=318
 compilation: enabled

Compilation events (10 events):
Event: 15.597 Thread 0x0000000019671800 4121   !   3       org.apache.tomcat.util.bcel.classfile.ClassParser::parse (294 bytes)
Event: 15.602 Thread 0x0000000019671800 nmethod 4121 0x0000000003c354d0 code [0x0000000003c35940, 0x0000000003c38728]
Event: 15.602 Thread 0x0000000019671800 4124       3       org.apache.tomcat.util.bcel.classfile.ClassParser::readClassInfo (113 bytes)
Event: 15.603 Thread 0x0000000019671800 nmethod 4124 0x0000000003a13110 code [0x0000000003a13340, 0x0000000003a13f78]
Event: 15.715 Thread 0x0000000019671800 4128       3       sun.util.calendar.AbstractCalendar::getDayOfWeekDateOnOrBefore (31 bytes)
Event: 15.716 Thread 0x0000000019671800 nmethod 4128 0x00000000042d79d0 code [0x00000000042d7b40, 0x00000000042d7ef0]
Event: 15.719 Thread 0x0000000019671800 4129       3       org.eclipse.sisu.inject.InjectorBindings::maxBindingRank (10 bytes)
Event: 15.720 Thread 0x0000000019671800 nmethod 4129 0x0000000003de31d0 code [0x0000000003de3340, 0x0000000003de3530]
Event: 15.720 Thread 0x0000000019671800 4130       1       org.eclipse.sisu.inject.DefaultRankingFunction::maxRank (3 bytes)
Event: 15.720 Thread 0x0000000019671800 nmethod 4130 0x00000000038f4f90 code [0x00000000038f50e0, 0x00000000038f51f0]

GC Heap History (10 events):
Event: 14.148 GC heap after
Heap after GC invocations=9 (full 1):
 PSYoungGen      total 57856K, used 5468K [0x00000000d5f80000, 0x00000000dac80000, 0x0000000100000000)
  eden space 52224K, 0% used [0x00000000d5f80000,0x00000000d5f80000,0x00000000d9280000)
  from space 5632K, 97% used [0x00000000da700000,0x00000000dac57038,0x00000000dac80000)
  to   space 9216K, 0% used [0x00000000d9a80000,0x00000000d9a80000,0x00000000da380000)
 ParOldGen       total 64000K, used 13723K [0x0000000081e00000, 0x0000000085c80000, 0x00000000d5f80000)
  object space 64000K, 21% used [0x0000000081e00000,0x0000000082b66c80,0x0000000085c80000)
 Metaspace       used 23796K, capacity 24414K, committed 24496K, reserved 1071104K
  class space    used 2790K, capacity 2964K, committed 2992K, reserved 1048576K
}
Event: 14.518 GC heap before
{Heap before GC invocations=10 (full 1):
 PSYoungGen      total 57856K, used 57692K [0x00000000d5f80000, 0x00000000dac80000, 0x0000000100000000)
  eden space 52224K, 100% used [0x00000000d5f80000,0x00000000d9280000,0x00000000d9280000)
  from space 5632K, 97% used [0x00000000da700000,0x00000000dac57038,0x00000000dac80000)
  to   space 9216K, 0% used [0x00000000d9a80000,0x00000000d9a80000,0x00000000da380000)
 ParOldGen       total 64000K, used 13723K [0x0000000081e00000, 0x0000000085c80000, 0x00000000d5f80000)
  object space 64000K, 21% used [0x0000000081e00000,0x0000000082b66c80,0x0000000085c80000)
 Metaspace       used 23879K, capacity 24542K, committed 24752K, reserved 1071104K
  class space    used 2790K, capacity 2964K, committed 2992K, reserved 1048576K
Event: 14.543 GC heap after
Heap after GC invocations=10 (full 1):
 PSYoungGen      total 69632K, used 9190K [0x00000000d5f80000, 0x00000000dbf00000, 0x0000000100000000)
  eden space 60416K, 0% used [0x00000000d5f80000,0x00000000d5f80000,0x00000000d9a80000)
  from space 9216K, 99% used [0x00000000d9a80000,0x00000000da379858,0x00000000da380000)
  to   space 10752K, 0% used [0x00000000db480000,0x00000000db480000,0x00000000dbf00000)
 ParOldGen       total 64000K, used 16782K [0x0000000081e00000, 0x0000000085c80000, 0x00000000d5f80000)
  object space 64000K, 26% used [0x0000000081e00000,0x0000000082e63ab8,0x0000000085c80000)
 Metaspace       used 23879K, capacity 24542K, committed 24752K, reserved 1071104K
  class space    used 2790K, capacity 2964K, committed 2992K, reserved 1048576K
}
Event: 15.009 GC heap before
{Heap before GC invocations=11 (full 1):
 PSYoungGen      total 69632K, used 69606K [0x00000000d5f80000, 0x00000000dbf00000, 0x0000000100000000)
  eden space 60416K, 100% used [0x00000000d5f80000,0x00000000d9a80000,0x00000000d9a80000)
  from space 9216K, 99% used [0x00000000d9a80000,0x00000000da379858,0x00000000da380000)
  to   space 10752K, 0% used [0x00000000db480000,0x00000000db480000,0x00000000dbf00000)
 ParOldGen       total 64000K, used 16782K [0x0000000081e00000, 0x0000000085c80000, 0x00000000d5f80000)
  object space 64000K, 26% used [0x0000000081e00000,0x0000000082e63ab8,0x0000000085c80000)
 Metaspace       used 23901K, capacity 24552K, committed 24752K, reserved 1071104K
  class space    used 2793K, capacity 2966K, committed 2992K, reserved 1048576K
Event: 15.040 GC heap after
Heap after GC invocations=11 (full 1):
 PSYoungGen      total 84480K, used 10734K [0x00000000d5f80000, 0x00000000dd100000, 0x0000000100000000)
  eden space 73728K, 0% used [0x00000000d5f80000,0x00000000d5f80000,0x00000000da780000)
  from space 10752K, 99% used [0x00000000db480000,0x00000000dbefbbf8,0x00000000dbf00000)
  to   space 13312K, 0% used [0x00000000da780000,0x00000000da780000,0x00000000db480000)
 ParOldGen       total 64000K, used 21097K [0x0000000081e00000, 0x0000000085c80000, 0x00000000d5f80000)
  object space 64000K, 32% used [0x0000000081e00000,0x000000008329a510,0x0000000085c80000)
 Metaspace       used 23901K, capacity 24552K, committed 24752K, reserved 1071104K
  class space    used 2793K, capacity 2966K, committed 2992K, reserved 1048576K
}
Event: 15.462 GC heap before
{Heap before GC invocations=12 (full 1):
 PSYoungGen      total 84480K, used 84462K [0x00000000d5f80000, 0x00000000dd100000, 0x0000000100000000)
  eden space 73728K, 100% used [0x00000000d5f80000,0x00000000da780000,0x00000000da780000)
  from space 10752K, 99% used [0x00000000db480000,0x00000000dbefbbf8,0x00000000dbf00000)
  to   space 13312K, 0% used [0x00000000da780000,0x00000000da780000,0x00000000db480000)
 ParOldGen       total 64000K, used 21097K [0x0000000081e00000, 0x0000000085c80000, 0x00000000d5f80000)
  object space 64000K, 32% used [0x0000000081e00000,0x000000008329a510,0x0000000085c80000)
 Metaspace       used 23908K, capacity 24552K, committed 24752K, reserved 1071104K
  class space    used 2793K, capacity 2966K, committed 2992K, reserved 1048576K
Event: 15.481 GC heap after
Heap after GC invocations=12 (full 1):
 PSYoungGen      total 87040K, used 13280K [0x00000000d5f80000, 0x00000000de980000, 0x0000000100000000)
  eden space 73728K, 0% used [0x00000000d5f80000,0x00000000d5f80000,0x00000000da780000)
  from space 13312K, 99% used [0x00000000da780000,0x00000000db478358,0x00000000db480000)
  to   space 15872K, 0% used [0x00000000dda00000,0x00000000dda00000,0x00000000de980000)
 ParOldGen       total 64000K, used 23997K [0x0000000081e00000, 0x0000000085c80000, 0x00000000d5f80000)
  object space 64000K, 37% used [0x0000000081e00000,0x000000008356f498,0x0000000085c80000)
 Metaspace       used 23908K, capacity 24552K, committed 24752K, reserved 1071104K
  class space    used 2793K, capacity 2966K, committed 2992K, reserved 1048576K
}
Event: 15.720 GC heap before
{Heap before GC invocations=13 (full 1):
 PSYoungGen      total 87040K, used 59164K [0x00000000d5f80000, 0x00000000de980000, 0x0000000100000000)
  eden space 73728K, 62% used [0x00000000d5f80000,0x00000000d8c4ee30,0x00000000da780000)
  from space 13312K, 99% used [0x00000000da780000,0x00000000db478358,0x00000000db480000)
  to   space 15872K, 0% used [0x00000000dda00000,0x00000000dda00000,0x00000000de980000)
 ParOldGen       total 64000K, used 23997K [0x0000000081e00000, 0x0000000085c80000, 0x00000000d5f80000)
  object space 64000K, 37% used [0x0000000081e00000,0x000000008356f498,0x0000000085c80000)
 Metaspace       used 23921K, capacity 24552K, committed 24752K, reserved 1071104K
  class space    used 2795K, capacity 2966K, committed 2992K, reserved 1048576K
Event: 15.736 GC heap after
Heap after GC invocations=13 (full 1):
 PSYoungGen      total 124416K, used 8719K [0x00000000d5f80000, 0x00000000de880000, 0x0000000100000000)
  eden space 109568K, 0% used [0x00000000d5f80000,0x00000000d5f80000,0x00000000dca80000)
  from space 14848K, 58% used [0x00000000dda00000,0x00000000de283c48,0x00000000de880000)
  to   space 15360K, 0% used [0x00000000dca80000,0x00000000dca80000,0x00000000dd980000)
 ParOldGen       total 64000K, used 26193K [0x0000000081e00000, 0x0000000085c80000, 0x00000000d5f80000)
  object space 64000K, 40% used [0x0000000081e00000,0x0000000083794778,0x0000000085c80000)
 Metaspace       used 23921K, capacity 24552K, committed 24752K, reserved 1071104K
  class space    used 2795K, capacity 2966K, committed 2992K, reserved 1048576K
}
Event: 15.736 GC heap before
{Heap before GC invocations=14 (full 2):
 PSYoungGen      total 124416K, used 8719K [0x00000000d5f80000, 0x00000000de880000, 0x0000000100000000)
  eden space 109568K, 0% used [0x00000000d5f80000,0x00000000d5f80000,0x00000000dca80000)
  from space 14848K, 58% used [0x00000000dda00000,0x00000000de283c48,0x00000000de880000)
  to   space 15360K, 0% used [0x00000000dca80000,0x00000000dca80000,0x00000000dd980000)
 ParOldGen       total 64000K, used 26193K [0x0000000081e00000, 0x0000000085c80000, 0x00000000d5f80000)
  object space 64000K, 40% used [0x0000000081e00000,0x0000000083794778,0x0000000085c80000)
 Metaspace       used 23921K, capacity 24552K, committed 24752K, reserved 1071104K
  class space    used 2795K, capacity 2966K, committed 2992K, reserved 1048576K

Deoptimization events (10 events):
Event: 13.640 Thread 0x0000000019a3d800 Uncommon trap: reason=class_check action=maybe_recompile pc=0x00000000043e5eb0 method=java.util.zip.InflaterInputStream.read([BII)I @ 100
Event: 13.641 Thread 0x0000000019a3d800 Uncommon trap: reason=class_check action=maybe_recompile pc=0x00000000043e5eb0 method=java.util.zip.InflaterInputStream.read([BII)I @ 100
Event: 13.644 Thread 0x0000000019a3d800 Uncommon trap: reason=unstable_if action=reinterpret pc=0x000000000433db34 method=java.util.jar.Attributes$Name.isDigit(C)Z @ 3
Event: 13.660 Thread 0x0000000019a3d800 Uncommon trap: reason=bimorphic action=maybe_recompile pc=0x00000000043f5f5c method=java.util.Hashtable.get(Ljava/lang/Object;)Ljava/lang/Object; @ 6
Event: 13.712 Thread 0x0000000019a3d800 Uncommon trap: reason=class_check action=maybe_recompile pc=0x00000000043ca4c8 method=sun.misc.URLClassPath.getLoader(I)Lsun/misc/URLClassPath$Loader; @ 94
Event: 13.749 Thread 0x0000000019a3d800 Uncommon trap: reason=class_check action=maybe_recompile pc=0x0000000003e95f0c method=java.util.Hashtable.addEntry(ILjava/lang/Object;Ljava/lang/Object;I)V @ 38
Event: 13.773 Thread 0x0000000019a3d800 Uncommon trap: reason=unstable_if action=reinterpret pc=0x00000000044d5438 method=com.sun.org.apache.xerces.internal.impl.XMLEntityScanner.peekChar()I @ 14
Event: 14.594 Thread 0x0000000019a3d800 Uncommon trap: reason=unloaded action=reinterpret pc=0x0000000003d144ec method=org.apache.tomcat.util.bcel.classfile.Attribute.readAttribute(Ljava/io/DataInputStream;Lorg/apache/tomcat/util/bcel/classfile/ConstantPool;)Lorg/apache/tomcat/util/bcel/classfi
Event: 14.709 Thread 0x0000000019a3d800 Uncommon trap: reason=unstable_if action=reinterpret pc=0x0000000003d36870 method=java.io.DataInputStream.readUTF(Ljava/io/DataInput;)Ljava/lang/String; @ 112
Event: 15.372 Thread 0x0000000019a3d800 Uncommon trap: reason=unstable_if action=reinterpret pc=0x00000000043c2618 method=org.codehaus.plexus.classworlds.realm.Entry.matches(Ljava/lang/String;)Z @ 209

Internal exceptions (10 events):
Event: 3.875 Thread 0x00000000035be000 Implicit null exception at 0x0000000003a2ff96 to 0x0000000003a30339
Event: 3.875 Thread 0x00000000035be000 Implicit null exception at 0x0000000003987356 to 0x0000000003987705
Event: 4.479 Thread 0x00000000035be000 Implicit null exception at 0x0000000003aff795 to 0x0000000003aff96d
Event: 4.480 Thread 0x00000000035be000 Implicit null exception at 0x0000000003c4ff2f to 0x0000000003c4ff99
Event: 4.493 Thread 0x00000000035be000 Implicit null exception at 0x0000000003de360f to 0x0000000003de4871
Event: 4.526 Thread 0x00000000035be000 Implicit null exception at 0x0000000003c70b9b to 0x0000000003c71015
Event: 10.792 Thread 0x00000000035be000 Implicit null exception at 0x00000000040d5e71 to 0x00000000040d6fe9
Event: 12.680 Thread 0x00000000035be000 Exception <a 'java/io/FileNotFoundException'> (0x00000000d66a5698) thrown at [C:\re\workspace\8-2-build-windows-amd64-cygwin\jdk8u131\8869\hotspot\src\share\vm\prims\jni.cpp, line 709]
Event: 13.638 Thread 0x0000000019a3d800 Implicit null exception at 0x0000000003f1d48b to 0x0000000003f1d551
Event: 15.713 Thread 0x0000000019a3d800 Exception <a 'java/lang/OutOfMemoryError'> (0x00000000d8aa2ed0) thrown at [C:\re\workspace\8-2-build-windows-amd64-cygwin\jdk8u131\8869\hotspot\src\share\vm\prims\jni.cpp, line 735]

Events (10 events):
Event: 15.716 Executing VM operation: RevokeBias done
Event: 15.716 Thread 0x0000000019671800 flushing nmethod 0x00000000038e4590
Event: 15.716 Thread 0x0000000019671800 flushing nmethod 0x00000000038e7ad0
Event: 15.716 Thread 0x0000000019671800 flushing nmethod 0x00000000038f9f10
Event: 15.717 Executing VM operation: RevokeBias
Event: 15.717 Executing VM operation: RevokeBias done
Event: 15.717 Executing VM operation: RevokeBias
Event: 15.717 Executing VM operation: RevokeBias done
Event: 15.720 Thread 0x0000000019671800 flushing nmethod 0x00000000039d5e50
Event: 15.720 Executing VM operation: ParallelGCSystemGC


Dynamic libraries:
0x00007ff644ce0000 - 0x00007ff644d17000 	C:\Program Files\Java\jdk1.8.0_131\bin\javaw.exe
0x00007ff98d030000 - 0x00007ff98d211000 	C:\WINDOWS\SYSTEM32\ntdll.dll
0x00007ff98b620000 - 0x00007ff98b6d2000 	C:\WINDOWS\System32\KERNEL32.DLL
0x00007ff98a050000 - 0x00007ff98a2c3000 	C:\WINDOWS\System32\KERNELBASE.dll
0x00007ff98b190000 - 0x00007ff98b231000 	C:\WINDOWS\System32\ADVAPI32.dll
0x00007ff98b240000 - 0x00007ff98b2de000 	C:\WINDOWS\System32\msvcrt.dll
0x00007ff98b6e0000 - 0x00007ff98b73b000 	C:\WINDOWS\System32\sechost.dll
0x00007ff98a7c0000 - 0x00007ff98a8e4000 	C:\WINDOWS\System32\RPCRT4.dll
0x00007ff98a630000 - 0x00007ff98a7c0000 	C:\WINDOWS\System32\USER32.dll
0x00007ff989520000 - 0x00007ff989540000 	C:\WINDOWS\System32\win32u.dll
0x00007ff98a8f0000 - 0x00007ff98a918000 	C:\WINDOWS\System32\GDI32.dll
0x00007ff98a2d0000 - 0x00007ff98a462000 	C:\WINDOWS\System32\gdi32full.dll
0x00007ff989480000 - 0x00007ff98951f000 	C:\WINDOWS\System32\msvcp_win.dll
0x00007ff989540000 - 0x00007ff98963a000 	C:\WINDOWS\System32\ucrtbase.dll
0x00007ff980e40000 - 0x00007ff9810a9000 	C:\WINDOWS\WinSxS\amd64_microsoft.windows.common-controls_6595b64144ccf1df_6.0.17134.472_none_fb3f9af53068156d\COMCTL32.dll
0x00007ff98b2f0000 - 0x00007ff98b612000 	C:\WINDOWS\System32\combase.dll
0x00007ff989400000 - 0x00007ff98947a000 	C:\WINDOWS\System32\bcryptPrimitives.dll
0x00007ff98cf60000 - 0x00007ff98cf8d000 	C:\WINDOWS\System32\IMM32.DLL
0x0000000057f70000 - 0x0000000058042000 	C:\Program Files\Java\jdk1.8.0_131\jre\bin\msvcr100.dll
0x00000000576d0000 - 0x0000000057f6c000 	C:\Program Files\Java\jdk1.8.0_131\jre\bin\server\jvm.dll
0x00007ff98acd0000 - 0x00007ff98acd8000 	C:\WINDOWS\System32\PSAPI.DLL
0x00007ff97d460000 - 0x00007ff97d469000 	C:\WINDOWS\SYSTEM32\WSOCK32.dll
0x00007ff98cf90000 - 0x00007ff98cffc000 	C:\WINDOWS\System32\WS2_32.dll
0x00007ff983fd0000 - 0x00007ff983ff3000 	C:\WINDOWS\SYSTEM32\WINMM.dll
0x00007ff97e570000 - 0x00007ff97e57a000 	C:\WINDOWS\SYSTEM32\VERSION.dll
0x00007ff983fa0000 - 0x00007ff983fca000 	C:\WINDOWS\SYSTEM32\winmmbase.dll
0x00007ff98a470000 - 0x00007ff98a4b9000 	C:\WINDOWS\System32\cfgmgr32.dll
0x00000000576c0000 - 0x00000000576cf000 	C:\Program Files\Java\jdk1.8.0_131\jre\bin\verify.dll
0x0000000057690000 - 0x00000000576b9000 	C:\Program Files\Java\jdk1.8.0_131\jre\bin\java.dll
0x0000000057670000 - 0x0000000057686000 	C:\Program Files\Java\jdk1.8.0_131\jre\bin\zip.dll
0x00007ff98b740000 - 0x00007ff98cb80000 	C:\WINDOWS\System32\SHELL32.dll
0x00007ff98aac0000 - 0x00007ff98ab69000 	C:\WINDOWS\System32\shcore.dll
0x00007ff989940000 - 0x00007ff98a04d000 	C:\WINDOWS\System32\windows.storage.dll
0x00007ff98ac70000 - 0x00007ff98acc1000 	C:\WINDOWS\System32\shlwapi.dll
0x00007ff989390000 - 0x00007ff9893a1000 	C:\WINDOWS\System32\kernel.appcore.dll
0x00007ff989360000 - 0x00007ff98937f000 	C:\WINDOWS\System32\profapi.dll
0x00007ff9893b0000 - 0x00007ff9893fc000 	C:\WINDOWS\System32\powrprof.dll
0x00007ff989380000 - 0x00007ff98938a000 	C:\WINDOWS\System32\FLTLIB.DLL
0x00007ff988d10000 - 0x00007ff988d27000 	C:\WINDOWS\SYSTEM32\CRYPTSP.dll
0x00007ff988740000 - 0x00007ff988773000 	C:\WINDOWS\system32\rsaenh.dll
0x00007ff988e40000 - 0x00007ff988e65000 	C:\WINDOWS\SYSTEM32\bcrypt.dll
0x00007ff989240000 - 0x00007ff989268000 	C:\WINDOWS\SYSTEM32\USERENV.dll
0x00007ff988d30000 - 0x00007ff988d3b000 	C:\WINDOWS\SYSTEM32\CRYPTBASE.dll
0x0000000057650000 - 0x000000005766a000 	C:\Program Files\Java\jdk1.8.0_131\jre\bin\net.dll
0x00007ff988b60000 - 0x00007ff988bc6000 	C:\WINDOWS\system32\mswsock.dll
0x00007ff9888e0000 - 0x00007ff988918000 	C:\WINDOWS\SYSTEM32\IPHLPAPI.DLL
0x00007ff98ab70000 - 0x00007ff98ab78000 	C:\WINDOWS\System32\NSI.dll
0x00007ff984000000 - 0x00007ff984016000 	C:\WINDOWS\SYSTEM32\dhcpcsvc6.DLL
0x00007ff9840d0000 - 0x00007ff9840ea000 	C:\WINDOWS\SYSTEM32\dhcpcsvc.DLL
0x0000000057630000 - 0x0000000057641000 	C:\Program Files\Java\jdk1.8.0_131\jre\bin\nio.dll
0x00007ff97e580000 - 0x00007ff97e58a000 	C:\Users\Administrator\AppData\Local\Temp\jansi-1.16-1242170049407094957.dll
0x00007ff97e560000 - 0x00007ff97e56a000 	C:\Users\Administrator\AppData\Local\Temp\jansi-1.16-1773317501646681566.dll
0x0000000057620000 - 0x000000005762d000 	C:\Program Files\Java\jdk1.8.0_131\jre\bin\management.dll

VM Arguments:
jvm_args: -Dmaven.home=D:\javadownload\soft\apache-maven-3.5.2 -Dclassworlds.conf=D:\eclipsworkspace\.metadata\.plugins\org.eclipse.m2e.launching\launches\m2conf1978159009558766586.tmp -Dmaven.multiModuleProjectDirectory=D:\eclipsworkspace\pinyougou-parent\pinyougou-search-web -Dfile.encoding=UTF-8 
java_command: org.codehaus.plexus.classworlds.launcher.Launcher -B -gs D:\javadownload\soft\apache-maven-3.5.2\conf\settings.xml -s D:\javadownload\soft\apache-maven-3.5.2\conf\settings.xml tomcat7:run
java_class_path (initial): D:\javadownload\soft\apache-maven-3.5.2\boot\plexus-classworlds-2.5.2.jar
Launcher Type: SUN_STANDARD

Environment Variables:
JAVA_HOME=C:\Program Files\Java\jdk1.8.0_131
PATH=C:/Program Files/Java/jre1.8.0_131/bin/server;C:/Program Files/Java/jre1.8.0_131/bin;C:/Program Files/Java/jre1.8.0_131/lib/amd64;C:\ProgramData\Oracle\Java\javapath;D:\javadownload\soft\apache-maven-3.5.2\bin;D:\mysql\bin;C:\Program Files\Java\jdk1.8.0_131\bin;C:\WINDOWS\system32;C:\WINDOWS;C:\WINDOWS\System32\Wbem;C:\WINDOWS\System32\WindowsPowerShell\v1.0\;C:\Program Files\Microsoft\Web Platform Installer\;C:\Program Files (x86)\Microsoft ASP.NET\ASP.NET Web Pages\v1.0\;C:\Program Files (x86)\Windows Kits\8.0\Windows Performance Toolkit\;C:\Program Files\Microsoft SQL Server\110\Tools\Binn\;D:\javaÈí¼þÄ¿Â¼\mysql\bin;%SY;TEMROOT%\System32\OpenSSH\;D:\MySQL\MySQL Server 5.5\bin;D:\clients\;D:\PuTTY\;C:\Program Files\Git\cmd;C:\Program Files\TortoiseGit\bin;C:\Program Files\VisualSVN Server\bin;C:\Program Files\TortoiseSVN\bin;C:\Users\Administrator\AppData\Local\Microsoft\WindowsApps;D:\javadownload\eclipse;
USERNAME=Administrator
OS=Windows_NT
PROCESSOR_IDENTIFIER=Intel64 Family 6 Model 58 Stepping 9, GenuineIntel



---------------  S Y S T E M  ---------------

OS: Windows 10.0 , 64 bit Build 17134 (10.0.17134.1)

CPU:total 4 (initial active 4) (2 cores per cpu, 2 threads per core) family 6 model 58 stepping 9, cmov, cx8, fxsr, mmx, sse, sse2, sse3, ssse3, sse4.1, sse4.2, popcnt, avx, aes, clmul, erms, ht, tsc, tscinvbit, tscinv

Memory: 4k page, physical 8260968k(706628k free), swap 18746852k(42604k free)

vm_info: Java HotSpot(TM) 64-Bit Server VM (25.131-b11) for windows-amd64 JRE (1.8.0_131-b11), built on Mar 15 2017 01:23:53 by "java_re" with MS VC++ 10.0 (VS2010)

time: Fri Dec 28 19:26:51 2018
elapsed time: 16 seconds (0d 0h 0m 16s)

